Using pre-set license
Built from '2022.3/release' branch; Version is '2022.3.18f1 (d29bea25151d) revision 13802474'; Using compiler version '192829333'; Build Type 'Release'
OS: 'Windows 11  (10.0.22631) 64bit Enterprise' Language: 'ru' Physical Memory: 7597 MB
BatchMode: 1, IsHumanControllingUs: 0, StartBugReporterOnCrash: 0, Is64bit: 1, IsPro: 1

COMMAND LINE ARGUMENTS:
C:\Program Files\Unity\Hub\Editor\2022.3.18f1\Editor\Unity.exe
-adb2
-batchMode
-noUpm
-name
AssetImportWorker1
-projectPath
D:/GIT/The-Inhuman/The Inhuman
-logFile
Logs/AssetImportWorker1.log
-srvPort
41068
Successfully changed project path to: D:/GIT/The-Inhuman/The Inhuman
D:/GIT/The-Inhuman/The Inhuman
[UnityMemory] Configuration Parameters - Can be set up in boot.config
    "memorysetup-bucket-allocator-granularity=16"
    "memorysetup-bucket-allocator-bucket-count=8"
    "memorysetup-bucket-allocator-block-size=33554432"
    "memorysetup-bucket-allocator-block-count=8"
    "memorysetup-main-allocator-block-size=16777216"
    "memorysetup-thread-allocator-block-size=16777216"
    "memorysetup-gfx-main-allocator-block-size=16777216"
    "memorysetup-gfx-thread-allocator-block-size=16777216"
    "memorysetup-cache-allocator-block-size=4194304"
    "memorysetup-typetree-allocator-block-size=2097152"
    "memorysetup-profiler-bucket-allocator-granularity=16"
    "memorysetup-profiler-bucket-allocator-bucket-count=8"
    "memorysetup-profiler-bucket-allocator-block-size=33554432"
    "memorysetup-profiler-bucket-allocator-block-count=8"
    "memorysetup-profiler-allocator-block-size=16777216"
    "memorysetup-profiler-editor-allocator-block-size=1048576"
    "memorysetup-temp-allocator-size-main=16777216"
    "memorysetup-job-temp-allocator-block-size=2097152"
    "memorysetup-job-temp-allocator-block-size-background=1048576"
    "memorysetup-job-temp-allocator-reduction-small-platforms=262144"
    "memorysetup-allocator-temp-initial-block-size-main=262144"
    "memorysetup-allocator-temp-initial-block-size-worker=262144"
    "memorysetup-temp-allocator-size-background-worker=32768"
    "memorysetup-temp-allocator-size-job-worker=262144"
    "memorysetup-temp-allocator-size-preload-manager=33554432"
    "memorysetup-temp-allocator-size-nav-mesh-worker=65536"
    "memorysetup-temp-allocator-size-audio-worker=65536"
    "memorysetup-temp-allocator-size-cloud-worker=32768"
    "memorysetup-temp-allocator-size-gi-baking-worker=262144"
    "memorysetup-temp-allocator-size-gfx=262144"
Player connection [2884] Host "[IP] 192.168.10.246 [Port] 0 [Flags] 2 [Guid] 3281734586 [EditorId] 3281734586 [Version] 1048832 [Id] WindowsEditor(7,ZionChik) [Debug] 1 [PackageName] WindowsEditor [ProjectName] Editor" joined multi-casting on [225.0.0.222:54997]...

Player connection [2884] Host "[IP] 192.168.10.246 [Port] 0 [Flags] 2 [Guid] 3281734586 [EditorId] 3281734586 [Version] 1048832 [Id] WindowsEditor(7,ZionChik) [Debug] 1 [PackageName] WindowsEditor [ProjectName] Editor" joined alternative multi-casting on [225.0.0.222:34997]...

[Physics::Module] Initialized MultithreadedJobDispatcher with 11 workers.
Refreshing native plugins compatible for Editor in 2.73 ms, found 2 plugins.
Preloading 0 native plugins for Editor in 0.00 ms.
Initialize engine version: 2022.3.18f1 (d29bea25151d)
[Subsystems] Discovering subsystems at path C:/Program Files/Unity/Hub/Editor/2022.3.18f1/Editor/Data/Resources/UnitySubsystems
[Subsystems] Discovering subsystems at path D:/GIT/The-Inhuman/The Inhuman/Assets
GfxDevice: creating device client; threaded=0; jobified=0
Direct3D:
    Version:  Direct3D 11.0 [level 11.1]
    Renderer: NVIDIA GeForce RTX 3050 Laptop GPU (ID=0x25a2)
    Vendor:   NVIDIA
    VRAM:     3964 MB
    Driver:   32.0.15.5612
Initialize mono
Mono path[0] = 'C:/Program Files/Unity/Hub/Editor/2022.3.18f1/Editor/Data/Managed'
Mono path[1] = 'C:/Program Files/Unity/Hub/Editor/2022.3.18f1/Editor/Data/MonoBleedingEdge/lib/mono/unityjit-win32'
Mono config path = 'C:/Program Files/Unity/Hub/Editor/2022.3.18f1/Editor/Data/MonoBleedingEdge/etc'
Using monoOptions --debugger-agent=transport=dt_socket,embedding=1,server=y,suspend=n,address=127.0.0.1:56340
Begin MonoManager ReloadAssembly
Registering precompiled unity dll's ...
Register platform support module: C:/Program Files/Unity/Hub/Editor/2022.3.18f1/Editor/Data/PlaybackEngines/WindowsStandaloneSupport/UnityEditor.WindowsStandalone.Extensions.dll
Registered in 0.010190 seconds.
- Loaded All Assemblies, in  0.570 seconds
Native extension for WindowsStandalone target not found
Mono: successfully reloaded assembly
- Finished resetting the current domain, in  0.371 seconds
Domain Reload Profiling: 940ms
	BeginReloadAssembly (218ms)
		ExecutionOrderSort (0ms)
		DisableScriptedObjects (0ms)
		BackupInstance (0ms)
		ReleaseScriptingObjects (0ms)
		CreateAndSetChildDomain (1ms)
	RebuildCommonClasses (50ms)
	RebuildNativeTypeToScriptingClass (16ms)
	initialDomainReloadingComplete (90ms)
	LoadAllAssembliesAndSetupDomain (193ms)
		LoadAssemblies (215ms)
		RebuildTransferFunctionScriptingTraits (0ms)
		AnalyzeDomain (190ms)
			TypeCache.Refresh (188ms)
				TypeCache.ScanAssembly (167ms)
			ScanForSourceGeneratedMonoScriptInfo (0ms)
			ResolveRequiredComponents (1ms)
	FinalizeReload (372ms)
		ReleaseScriptCaches (0ms)
		RebuildScriptCaches (0ms)
		SetupLoadedEditorAssemblies (296ms)
			LogAssemblyErrors (0ms)
			InitializePlatformSupportModulesInManaged (10ms)
			SetLoadedEditorAssemblies (9ms)
			RefreshPlugins (0ms)
			BeforeProcessingInitializeOnLoad (2ms)
			ProcessInitializeOnLoadAttributes (208ms)
			ProcessInitializeOnLoadMethodAttributes (66ms)
			AfterProcessingInitializeOnLoad (0ms)
			EditorAssembliesLoaded (0ms)
		ExecutionOrderSort2 (0ms)
		AwakeInstancesAfterBackupRestoration (0ms)
========================================================================
Worker process is ready to serve import requests
Begin MonoManager ReloadAssembly
- Loaded All Assemblies, in  1.051 seconds
Refreshing native plugins compatible for Editor in 1.41 ms, found 2 plugins.
Native extension for WindowsStandalone target not found
Package Manager log level set to [2]
[Package Manager] Server::EnsureServerProcessIsRunning -- launch failed, reason: Unity was launched with the -noUpm command-line argument
[Package Manager] UpmClient::Send -- Unable to send message (not connected to UPM process).
[Package Manager] Cannot connect to Unity Package Manager local server
Mono: successfully reloaded assembly
- Finished resetting the current domain, in  0.852 seconds
Domain Reload Profiling: 1902ms
	BeginReloadAssembly (260ms)
		ExecutionOrderSort (0ms)
		DisableScriptedObjects (7ms)
		BackupInstance (0ms)
		ReleaseScriptingObjects (0ms)
		CreateAndSetChildDomain (38ms)
	RebuildCommonClasses (48ms)
	RebuildNativeTypeToScriptingClass (12ms)
	initialDomainReloadingComplete (53ms)
	LoadAllAssembliesAndSetupDomain (677ms)
		LoadAssemblies (604ms)
		RebuildTransferFunctionScriptingTraits (0ms)
		AnalyzeDomain (241ms)
			TypeCache.Refresh (212ms)
				TypeCache.ScanAssembly (184ms)
			ScanForSourceGeneratedMonoScriptInfo (24ms)
			ResolveRequiredComponents (4ms)
	FinalizeReload (852ms)
		ReleaseScriptCaches (0ms)
		RebuildScriptCaches (0ms)
		SetupLoadedEditorAssemblies (639ms)
			LogAssemblyErrors (0ms)
			InitializePlatformSupportModulesInManaged (7ms)
			SetLoadedEditorAssemblies (4ms)
			RefreshPlugins (0ms)
			BeforeProcessingInitializeOnLoad (77ms)
			ProcessInitializeOnLoadAttributes (452ms)
			ProcessInitializeOnLoadMethodAttributes (92ms)
			AfterProcessingInitializeOnLoad (6ms)
			EditorAssembliesLoaded (0ms)
		ExecutionOrderSort2 (0ms)
		AwakeInstancesAfterBackupRestoration (8ms)
Launched and connected shader compiler UnityShaderCompiler.exe after 0.11 seconds
Refreshing native plugins compatible for Editor in 5.51 ms, found 2 plugins.
Preloading 0 native plugins for Editor in 0.00 ms.
Unloading 3088 Unused Serialized files (Serialized files now loaded: 0)
Unloading 54 unused Assets / (2.1 MB). Loaded Objects now: 3547.
Memory consumption went from 155.7 MB to 153.6 MB.
Total: 11.687100 ms (FindLiveObjects: 1.099500 ms CreateObjectMapping: 0.333000 ms MarkObjects: 8.894400 ms  DeleteObjects: 1.356900 ms)

AssetImportParameters requested are different than current active one (requested -> active):
  custom:video-decoder-webm-vp8: 9c59270c3fd7afecdb556c50c9e8de78 -> 
  custom:SearchIndexIgnoredProperties: e643bd26f0fe6173181afceb89e7c659 -> 
  custom:container-demuxer-ogg: 62fdf1f143b41e24485cea50d1cbac27 -> 
  custom:AudioImporter_EditorPlatform: d09bf68614088b80899f8185d706f6e7 -> 
  custom:video-codec-MediaFoundation-h265: 746d11721c4dcdbdad8f713fa42b33f4 -> 
  custom:video-decoder-ogg-theora: a1e56fd34408186e4bbccfd4996cb3dc -> 
  custom:framework-win-MediaFoundation: 216162199b28c13a410421893ffa2e32 -> 
  custom:video-encoder-webm-vp8: eb34c28f22e8b96e1ab97ce403110664 -> 
  custom:audio-decoder-ogg-vorbis: bf7c407c2cedff20999df2af8eb42d56 -> 
  custom:CustomObjectIndexerAttribute: 6d391050e5a25f67b0a2c618074f2cd9 -> 
  custom:container-demuxer-webm: 4f35f7cbe854078d1ac9338744f61a02 -> 
  custom:audio-encoder-webm-vorbis: bf7c407c2cedff20999df2af8eb42d56 -> 
  custom:container-muxer-webm: aa71ff27fc2769a1b78a27578f13a17b -> 
========================================================================
Received Import Request.
  Time since last request: 263883.003169 seconds.
  path: Assets/Scripts/Addons
  artifactKey: Guid(f34d4353480b94d4ba9a258154c48f85) Importer(815301076,1909f56bfc062723c751e8b465ee728b)
Start importing Assets/Scripts/Addons using Guid(f34d4353480b94d4ba9a258154c48f85) Importer(815301076,1909f56bfc062723c751e8b465ee728b)  -> (artifact id: 'd41c98a777957d3812508670c1f54b26') in 0.009588 seconds
Number of updated asset objects reloaded before import = 0
Number of asset objects unloaded after import = 0
========================================================================
Received Import Request.
  Time since last request: 0.000063 seconds.
  path: Assets/Graphics/GameDevLab.asset
  artifactKey: Guid(801df5c3911702246814ed5a67f3f8ae) Importer(815301076,1909f56bfc062723c751e8b465ee728b)
Start importing Assets/Graphics/GameDevLab.asset using Guid(801df5c3911702246814ed5a67f3f8ae) Importer(815301076,1909f56bfc062723c751e8b465ee728b)  -> (artifact id: 'c56f507031cc9cfc9648fbff609167fb') in 0.038902 seconds
Number of updated asset objects reloaded before import = 0
Number of asset objects unloaded after import = 3
========================================================================
Received Import Request.
  Time since last request: 124.855837 seconds.
  path: Assets/ImportedAssets/Military target/mark.obj
  artifactKey: Guid(891fa28b8b798634d8e1e9ca6e6593f0) Importer(815301076,1909f56bfc062723c751e8b465ee728b)
Start importing Assets/ImportedAssets/Military target/mark.obj using Guid(891fa28b8b798634d8e1e9ca6e6593f0) Importer(815301076,1909f56bfc062723c751e8b465ee728b)  -> (artifact id: '6e05417540cd7bdf493ddac2ddbdd990') in 0.440373 seconds
Number of updated asset objects reloaded before import = 0
Number of asset objects unloaded after import = 11
========================================================================
Received Import Request.
  Time since last request: 4.376386 seconds.
  path: Assets/Materials/Basic/Dark.mat
  artifactKey: Guid(561efe297e7a31043babb4ff3b98b79d) Importer(815301076,1909f56bfc062723c751e8b465ee728b)
Start importing Assets/Materials/Basic/Dark.mat using Guid(561efe297e7a31043babb4ff3b98b79d) Importer(815301076,1909f56bfc062723c751e8b465ee728b)  -> (artifact id: '722621bce0747c9db7284537a388f0ee') in 0.018377 seconds
Number of updated asset objects reloaded before import = 0
Number of asset objects unloaded after import = 1
========================================================================
Received Import Request.
  Time since last request: 1.732107 seconds.
  path: Assets/Materials/PhysicsMaterials/Sticky.physicMaterial
  artifactKey: Guid(808aef1dfc6be8d4eb3b31fa4d7d80ee) Importer(815301076,1909f56bfc062723c751e8b465ee728b)
Start importing Assets/Materials/PhysicsMaterials/Sticky.physicMaterial using Guid(808aef1dfc6be8d4eb3b31fa4d7d80ee) Importer(815301076,1909f56bfc062723c751e8b465ee728b)  -> (artifact id: '13bf4d5c1065827049059b105f383044') in 0.001433 seconds
Number of updated asset objects reloaded before import = 0
Number of asset objects unloaded after import = 1
========================================================================
Received Import Request.
  Time since last request: 5.054194 seconds.
  path: Assets/Prefabs/GameDevLab/Moving Target.prefab
  artifactKey: Guid(a2e06b66813419f44b4cc74e6698a8ad) Importer(815301076,1909f56bfc062723c751e8b465ee728b)
Start importing Assets/Prefabs/GameDevLab/Moving Target.prefab using Guid(a2e06b66813419f44b4cc74e6698a8ad) Importer(815301076,1909f56bfc062723c751e8b465ee728b)  -> (artifact id: '3cf35edf5971736de90d8df644db9028') in 0.376440 seconds
Number of updated asset objects reloaded before import = 0
Number of asset objects unloaded after import = 14
========================================================================
Received Prepare
Begin MonoManager ReloadAssembly
- Loaded All Assemblies, in  0.612 seconds
Refreshing native plugins compatible for Editor in 1.43 ms, found 2 plugins.
Native extension for WindowsStandalone target not found
[Package Manager] Server::EnsureServerProcessIsRunning -- launch failed, reason: Unity was launched with the -noUpm command-line argument
[Package Manager] UpmClient::Send -- Unable to send message (not connected to UPM process).
[Package Manager] Cannot connect to Unity Package Manager local server
Mono: successfully reloaded assembly
- Finished resetting the current domain, in  1.519 seconds
Domain Reload Profiling: 2131ms
	BeginReloadAssembly (215ms)
		ExecutionOrderSort (0ms)
		DisableScriptedObjects (4ms)
		BackupInstance (0ms)
		ReleaseScriptingObjects (0ms)
		CreateAndSetChildDomain (51ms)
	RebuildCommonClasses (37ms)
	RebuildNativeTypeToScriptingClass (12ms)
	initialDomainReloadingComplete (36ms)
	LoadAllAssembliesAndSetupDomain (311ms)
		LoadAssemblies (422ms)
		RebuildTransferFunctionScriptingTraits (0ms)
		AnalyzeDomain (11ms)
			TypeCache.Refresh (6ms)
				TypeCache.ScanAssembly (0ms)
			ScanForSourceGeneratedMonoScriptInfo (0ms)
			ResolveRequiredComponents (4ms)
	FinalizeReload (1520ms)
		ReleaseScriptCaches (0ms)
		RebuildScriptCaches (0ms)
		SetupLoadedEditorAssemblies (615ms)
			LogAssemblyErrors (0ms)
			InitializePlatformSupportModulesInManaged (12ms)
			SetLoadedEditorAssemblies (9ms)
			RefreshPlugins (0ms)
			BeforeProcessingInitializeOnLoad (79ms)
			ProcessInitializeOnLoadAttributes (418ms)
			ProcessInitializeOnLoadMethodAttributes (90ms)
			AfterProcessingInitializeOnLoad (6ms)
			EditorAssembliesLoaded (0ms)
		ExecutionOrderSort2 (0ms)
		AwakeInstancesAfterBackupRestoration (9ms)
Refreshing native plugins compatible for Editor in 2.27 ms, found 2 plugins.
Preloading 0 native plugins for Editor in 0.00 ms.
Unloading 2999 Unused Serialized files (Serialized files now loaded: 0)
Unloading 42 unused Assets / (2.1 MB). Loaded Objects now: 3594.
Memory consumption went from 141.9 MB to 139.8 MB.
Total: 7.086000 ms (FindLiveObjects: 0.611600 ms CreateObjectMapping: 0.133000 ms MarkObjects: 4.926800 ms  DeleteObjects: 1.411700 ms)

Prepare: number of updated asset objects reloaded= 0
AssetImportParameters requested are different than current active one (requested -> active):
  custom:video-decoder-webm-vp8: 9c59270c3fd7afecdb556c50c9e8de78 -> 
  custom:SearchIndexIgnoredProperties: e643bd26f0fe6173181afceb89e7c659 -> 
  custom:container-demuxer-ogg: 62fdf1f143b41e24485cea50d1cbac27 -> 
  custom:AudioImporter_EditorPlatform: d09bf68614088b80899f8185d706f6e7 -> 
  custom:video-codec-MediaFoundation-h265: 746d11721c4dcdbdad8f713fa42b33f4 -> 
  custom:video-decoder-ogg-theora: a1e56fd34408186e4bbccfd4996cb3dc -> 
  custom:framework-win-MediaFoundation: 216162199b28c13a410421893ffa2e32 -> 
  custom:video-encoder-webm-vp8: eb34c28f22e8b96e1ab97ce403110664 -> 
  custom:audio-decoder-ogg-vorbis: bf7c407c2cedff20999df2af8eb42d56 -> 
  custom:CustomObjectIndexerAttribute: 6d391050e5a25f67b0a2c618074f2cd9 -> 
  custom:container-demuxer-webm: 4f35f7cbe854078d1ac9338744f61a02 -> 
  custom:audio-encoder-webm-vorbis: bf7c407c2cedff20999df2af8eb42d56 -> 
  custom:container-muxer-webm: aa71ff27fc2769a1b78a27578f13a17b -> 
========================================================================
Received Import Request.
  Time since last request: 251.634446 seconds.
  path: Assets/ImportedAssets/ProBuilder Data/Default Material Palette.asset
  artifactKey: Guid(5a943f4899e377f4da0586bbc1c372ca) Importer(815301076,1909f56bfc062723c751e8b465ee728b)
Start importing Assets/ImportedAssets/ProBuilder Data/Default Material Palette.asset using Guid(5a943f4899e377f4da0586bbc1c372ca) Importer(815301076,1909f56bfc062723c751e8b465ee728b)  -> (artifact id: '316198ea9c3813f5fd7ae2f4e13849c5') in 0.021152 seconds
Number of updated asset objects reloaded before import = 0
Number of asset objects unloaded after import = 2
========================================================================
Received Import Request.
  Time since last request: 25.038364 seconds.
  path: Assets/ImportedAssets/Military target/LODs/lod1.fbx
  artifactKey: Guid(ca77aedc49f7bd445b49acc89b90ac1a) Importer(815301076,1909f56bfc062723c751e8b465ee728b)
Start importing Assets/ImportedAssets/Military target/LODs/lod1.fbx using Guid(ca77aedc49f7bd445b49acc89b90ac1a) Importer(815301076,1909f56bfc062723c751e8b465ee728b)  -> (artifact id: '4c58ab45e005cd8aea2e5a2989d641b7') in 0.121415 seconds
Number of updated asset objects reloaded before import = 0
Number of asset objects unloaded after import = 9
========================================================================
Received Import Request.
  Time since last request: 0.000031 seconds.
  path: Assets/ImportedAssets/Military target/LODs/lod2.fbx
  artifactKey: Guid(c74e4ef0622881047b4fe61952459955) Importer(815301076,1909f56bfc062723c751e8b465ee728b)
Start importing Assets/ImportedAssets/Military target/LODs/lod2.fbx using Guid(c74e4ef0622881047b4fe61952459955) Importer(815301076,1909f56bfc062723c751e8b465ee728b)  -> (artifact id: 'b13229cc7b047f82379c88c188673348') in 0.032971 seconds
Number of updated asset objects reloaded before import = 0
Number of asset objects unloaded after import = 9
========================================================================
Received Import Request.
  Time since last request: 7.478460 seconds.
  path: Assets/ImportedAssets/Military target/Render/in_unity2.png
  artifactKey: Guid(a4d51a44d9da35343b0cacc3a1d7bb81) Importer(815301076,1909f56bfc062723c751e8b465ee728b)
Start importing Assets/ImportedAssets/Military target/Render/in_unity2.png using Guid(a4d51a44d9da35343b0cacc3a1d7bb81) Importer(815301076,1909f56bfc062723c751e8b465ee728b)  -> (artifact id: '3f39d48e2bcec44846f8f4eee94d83be') in 0.037889 seconds
Number of updated asset objects reloaded before import = 0
Number of asset objects unloaded after import = 2
========================================================================
Received Import Request.
  Time since last request: 0.000028 seconds.
  path: Assets/ImportedAssets/Military target/Render/render_1200_x_630.png
  artifactKey: Guid(5805b18f54a4cf74c9e4b894f842f355) Importer(815301076,1909f56bfc062723c751e8b465ee728b)
Start importing Assets/ImportedAssets/Military target/Render/render_1200_x_630.png using Guid(5805b18f54a4cf74c9e4b894f842f355) Importer(815301076,1909f56bfc062723c751e8b465ee728b)  -> (artifact id: '9d45984c5ec8e4dfa934011b8443c731') in 0.029051 seconds
Number of updated asset objects reloaded before import = 0
Number of asset objects unloaded after import = 2
========================================================================
Received Import Request.
  Time since last request: 0.000102 seconds.
  path: Assets/ImportedAssets/Military target/Render/screenshot005.png
  artifactKey: Guid(4a6d2fecada3a704ea3793ffb1b059e4) Importer(815301076,1909f56bfc062723c751e8b465ee728b)
Start importing Assets/ImportedAssets/Military target/Render/screenshot005.png using Guid(4a6d2fecada3a704ea3793ffb1b059e4) Importer(815301076,1909f56bfc062723c751e8b465ee728b)  -> (artifact id: '90461be88c7089fee02a13ecec8ea75e') in 0.030249 seconds
Number of updated asset objects reloaded before import = 0
Number of asset objects unloaded after import = 2
========================================================================
Received Import Request.
  Time since last request: 0.000141 seconds.
  path: Assets/ImportedAssets/Military target/Render/screenshot002.png
  artifactKey: Guid(6d4e8e224e2c8cc4486fb81fdadd361d) Importer(815301076,1909f56bfc062723c751e8b465ee728b)
Start importing Assets/ImportedAssets/Military target/Render/screenshot002.png using Guid(6d4e8e224e2c8cc4486fb81fdadd361d) Importer(815301076,1909f56bfc062723c751e8b465ee728b)  -> (artifact id: '7e48f07fddade4beef9c5b07c6893d75') in 0.027147 seconds
Number of updated asset objects reloaded before import = 0
Number of asset objects unloaded after import = 2
========================================================================
Received Import Request.
  Time since last request: 0.000032 seconds.
  path: Assets/ImportedAssets/Military target/Render/screenshot007.png
  artifactKey: Guid(148b51409821c4d4087b7ca06668ce4d) Importer(815301076,1909f56bfc062723c751e8b465ee728b)
Start importing Assets/ImportedAssets/Military target/Render/screenshot007.png using Guid(148b51409821c4d4087b7ca06668ce4d) Importer(815301076,1909f56bfc062723c751e8b465ee728b)  -> (artifact id: '27a9bc7aaee8adc0e4da4a3c43238abb') in 0.034301 seconds
Number of updated asset objects reloaded before import = 0
Number of asset objects unloaded after import = 2
========================================================================
Received Import Request.
  Time since last request: 0.000055 seconds.
  path: Assets/ImportedAssets/Military target/Render/screenshot004.png
  artifactKey: Guid(d366e2963180c8149a380f79fe1ad899) Importer(815301076,1909f56bfc062723c751e8b465ee728b)
Start importing Assets/ImportedAssets/Military target/Render/screenshot004.png using Guid(d366e2963180c8149a380f79fe1ad899) Importer(815301076,1909f56bfc062723c751e8b465ee728b)  -> (artifact id: '1d44f21a7ece9ba474be45579b65dffd') in 0.023769 seconds
Number of updated asset objects reloaded before import = 0
Number of asset objects unloaded after import = 2
========================================================================
Received Import Request.
  Time since last request: 0.000039 seconds.
  path: Assets/ImportedAssets/Military target/Render/screenshot000.png
  artifactKey: Guid(65eefe19d291f314a87096bbadfb9fda) Importer(815301076,1909f56bfc062723c751e8b465ee728b)
Start importing Assets/ImportedAssets/Military target/Render/screenshot000.png using Guid(65eefe19d291f314a87096bbadfb9fda) Importer(815301076,1909f56bfc062723c751e8b465ee728b)  -> (artifact id: '8857f611240ed30404771f8c5583d6d7') in 0.027984 seconds
Number of updated asset objects reloaded before import = 0
Number of asset objects unloaded after import = 2
========================================================================
Received Import Request.
  Time since last request: 0.000038 seconds.
  path: Assets/ImportedAssets/Military target/Render/screenshot010.png
  artifactKey: Guid(7b0568ffbcd367147bca1bd2b010d022) Importer(815301076,1909f56bfc062723c751e8b465ee728b)
Start importing Assets/ImportedAssets/Military target/Render/screenshot010.png using Guid(7b0568ffbcd367147bca1bd2b010d022) Importer(815301076,1909f56bfc062723c751e8b465ee728b)  -> (artifact id: '01879e7673cc650e3c91b575cd0dcda5') in 0.031774 seconds
Number of updated asset objects reloaded before import = 0
Number of asset objects unloaded after import = 2
========================================================================
Received Import Request.
  Time since last request: 0.000030 seconds.
  path: Assets/ImportedAssets/Military target/Render/render_516_x_389.png
  artifactKey: Guid(0529b0955b26eab4ebee29e26472817a) Importer(815301076,1909f56bfc062723c751e8b465ee728b)
Start importing Assets/ImportedAssets/Military target/Render/render_516_x_389.png using Guid(0529b0955b26eab4ebee29e26472817a) Importer(815301076,1909f56bfc062723c751e8b465ee728b)  -> (artifact id: 'c8538867225a34fac212e20602a8d3ce') in 0.026258 seconds
Number of updated asset objects reloaded before import = 0
Number of asset objects unloaded after import = 2
========================================================================
Received Import Request.
  Time since last request: 2.345576 seconds.
  path: Assets/ImportedAssets/Military target/Textures/Mark_low_DefaultMaterial_MetallicSmoothness.png
  artifactKey: Guid(4d1cd7d89a459eb44a5dc4b46e340cfc) Importer(815301076,1909f56bfc062723c751e8b465ee728b)
Start importing Assets/ImportedAssets/Military target/Textures/Mark_low_DefaultMaterial_MetallicSmoothness.png using Guid(4d1cd7d89a459eb44a5dc4b46e340cfc) Importer(815301076,1909f56bfc062723c751e8b465ee728b)  -> (artifact id: '59902df8f9bfe32c09e3d4f3c0839e6a') in 0.035439 seconds
Number of updated asset objects reloaded before import = 0
Number of asset objects unloaded after import = 2
========================================================================
Received Import Request.
  Time since last request: 23.451054 seconds.
  path: Assets/ImportedAssets/Spags Assets/Textures/green_hip.png
  artifactKey: Guid(cb4032571444bfd468a18b2a29555d7d) Importer(815301076,1909f56bfc062723c751e8b465ee728b)
Start importing Assets/ImportedAssets/Spags Assets/Textures/green_hip.png using Guid(cb4032571444bfd468a18b2a29555d7d) Importer(815301076,1909f56bfc062723c751e8b465ee728b)  -> (artifact id: '9a29605d763fa505a1a4d8331e510f47') in 0.042840 seconds
Number of updated asset objects reloaded before import = 0
Number of asset objects unloaded after import = 2
========================================================================
Received Import Request.
  Time since last request: 0.000037 seconds.
  path: Assets/ImportedAssets/Spags Assets/Textures/orange_zoom.png
  artifactKey: Guid(7264b39d928ce9f4496024f4abccd855) Importer(815301076,1909f56bfc062723c751e8b465ee728b)
Start importing Assets/ImportedAssets/Spags Assets/Textures/orange_zoom.png using Guid(7264b39d928ce9f4496024f4abccd855) Importer(815301076,1909f56bfc062723c751e8b465ee728b)  -> (artifact id: '55ac879043ecbf4c639a007cbefb93ed') in 0.045142 seconds
Number of updated asset objects reloaded before import = 0
Number of asset objects unloaded after import = 2
========================================================================
Received Import Request.
  Time since last request: 0.000029 seconds.
  path: Assets/ImportedAssets/Spags Assets/Textures/red_hip.png
  artifactKey: Guid(13a399a940b94b84dbcabf78c6d770d2) Importer(815301076,1909f56bfc062723c751e8b465ee728b)
Start importing Assets/ImportedAssets/Spags Assets/Textures/red_hip.png using Guid(13a399a940b94b84dbcabf78c6d770d2) Importer(815301076,1909f56bfc062723c751e8b465ee728b)  -> (artifact id: 'e4c70e80a3ebccbc9c5388bc7ab5484c') in 0.043192 seconds
Number of updated asset objects reloaded before import = 0
Number of asset objects unloaded after import = 2
========================================================================
Received Import Request.
  Time since last request: 0.000040 seconds.
  path: Assets/ImportedAssets/Spags Assets/Textures/green_zoom.png
  artifactKey: Guid(dc1b7b0d21c517c4d947ff617fd2d79d) Importer(815301076,1909f56bfc062723c751e8b465ee728b)
Start importing Assets/ImportedAssets/Spags Assets/Textures/green_zoom.png using Guid(dc1b7b0d21c517c4d947ff617fd2d79d) Importer(815301076,1909f56bfc062723c751e8b465ee728b)  -> (artifact id: '1bdf0cb3bf59adb9ebdcec6f8b803032') in 0.033385 seconds
Number of updated asset objects reloaded before import = 0
Number of asset objects unloaded after import = 2
========================================================================
Received Import Request.
  Time since last request: 0.000038 seconds.
  path: Assets/ImportedAssets/Spags Assets/Textures/red_zoom.png
  artifactKey: Guid(7ee85774c8dc66047be4eabc0739f047) Importer(815301076,1909f56bfc062723c751e8b465ee728b)
Start importing Assets/ImportedAssets/Spags Assets/Textures/red_zoom.png using Guid(7ee85774c8dc66047be4eabc0739f047) Importer(815301076,1909f56bfc062723c751e8b465ee728b)  -> (artifact id: 'd6f7060289f26b288c4046f77d0d8be3') in 0.036699 seconds
Number of updated asset objects reloaded before import = 0
Number of asset objects unloaded after import = 2
Editor requested this worker to shutdown with reason: Scaling down because of idle timeout
TcpMessagingSession - receive error: operation aborted. errorcode: 995, details: ???????? ?????/?????? ???? ???????? ??-?? ?????????? ?????? ?????? ??? ?? ??????? ??????????.
AssetImportWorker is now disconnected from the server
Process exiting
Exiting without the bug reporter. Application will terminate with return code 0